2022.04.30 07:33:06 INFO  tracing is disabled for protocol LSP, to enable tracing of incoming and outgoing JSON messages create an empty file at /home/felix/coding/largerIdeas/web-nav/.metals/lsp.trace.json or /home/felix/.cache/metals/lsp.trace.json[0m
2022.04.30 07:33:07 INFO  logging to file /home/felix/coding/largerIdeas/web-nav/web-nav-server/.metals/metals.log[0m
2022.04.30 08:04:21 INFO  tracing is disabled for protocol LSP, to enable tracing of incoming and outgoing JSON messages create an empty file at /home/felix/coding/largerIdeas/web-nav/.metals/lsp.trace.json or /home/felix/.cache/metals/lsp.trace.json[0m
2022.04.30 08:04:22 INFO  logging to file /home/felix/coding/largerIdeas/web-nav/web-nav-server/.metals/metals.log[0m
2022.04.30 08:58:03 INFO  tracing is disabled for protocol LSP, to enable tracing of incoming and outgoing JSON messages create an empty file at /home/felix/coding/largerIdeas/web-nav/.metals/lsp.trace.json or /home/felix/.cache/metals/lsp.trace.json[0m
2022.04.30 08:58:04 INFO  logging to file /home/felix/coding/largerIdeas/web-nav/web-nav-server/.metals/metals.log[0m
2022.04.30 09:01:02 INFO  tracing is disabled for protocol LSP, to enable tracing of incoming and outgoing JSON messages create an empty file at /home/felix/coding/largerIdeas/web-nav/.metals/lsp.trace.json or /home/felix/.cache/metals/lsp.trace.json[0m
2022.04.30 09:01:03 INFO  logging to file /home/felix/coding/largerIdeas/web-nav/web-nav-server/.metals/metals.log[0m
2022.04.30 13:17:14 INFO  tracing is disabled for protocol LSP, to enable tracing of incoming and outgoing JSON messages create an empty file at /home/felix/coding/largerIdeas/web-nav/.metals/lsp.trace.json or /home/felix/.cache/metals/lsp.trace.json[0m
2022.04.30 13:17:14 INFO  logging to file /home/felix/coding/largerIdeas/web-nav/web-nav-server/.metals/metals.log[0m
2022.04.30 13:35:29 INFO  tracing is disabled for protocol LSP, to enable tracing of incoming and outgoing JSON messages create an empty file at /home/felix/coding/largerIdeas/web-nav/.metals/lsp.trace.json or /home/felix/.cache/metals/lsp.trace.json[0m
2022.04.30 13:35:29 INFO  logging to file /home/felix/coding/largerIdeas/web-nav/web-nav-server/.metals/metals.log[0m
2022.04.30 23:00:56 INFO  tracing is disabled for protocol LSP, to enable tracing of incoming and outgoing JSON messages create an empty file at /home/felix/coding/largerIdeas/web-nav/.metals/lsp.trace.json or /home/felix/.cache/metals/lsp.trace.json[0m
2022.04.30 23:00:56 INFO  logging to file /home/felix/coding/largerIdeas/web-nav/.metals/metals.log[0m
2022.04.30 23:00:56 INFO  Started: Metals version 0.11.5 in workspace '/home/felix/coding/largerIdeas/web-nav' for client Neovim 0.7.0.[0m
2022.04.30 23:00:57 INFO  time: initialize in 1.35s[0m
2022.04.30 23:00:57 WARN  Flyway upgrade recommended: H2 2.1.212 is newer than this version of Flyway and support has not been tested. The latest supported version of H2 is 2.1.210.[0m
2022.04.30 23:00:57 WARN  Build server is not auto-connectable.[0m
2022.04.30 23:00:57 WARN  no build tool detected in workspace '/home/felix/coding/largerIdeas/web-nav'. The most common cause for this problem is that the editor was opened in the wrong working directory, for example if you use sbt then the workspace directory should contain build.sbt. [0m
2022.04.30 23:52:02 INFO  shutting down Metals[0m
2022.05.01 13:51:30 INFO  tracing is disabled for protocol LSP, to enable tracing of incoming and outgoing JSON messages create an empty file at /home/felix/coding/largerIdeas/web-nav/.metals/lsp.trace.json or /home/felix/.cache/metals/lsp.trace.json[0m
2022.05.01 13:51:31 INFO  logging to file /home/felix/coding/largerIdeas/web-nav/web-nav-server/.metals/metals.log[0m
2022.05.01 13:52:14 INFO  tracing is disabled for protocol LSP, to enable tracing of incoming and outgoing JSON messages create an empty file at /home/felix/coding/largerIdeas/web-nav/.metals/lsp.trace.json or /home/felix/.cache/metals/lsp.trace.json[0m
2022.05.01 13:52:15 INFO  logging to file /home/felix/coding/largerIdeas/web-nav/web-nav-server/.metals/metals.log[0m
2022.05.01 13:54:15 INFO  tracing is disabled for protocol LSP, to enable tracing of incoming and outgoing JSON messages create an empty file at /home/felix/coding/largerIdeas/web-nav/.metals/lsp.trace.json or /home/felix/.cache/metals/lsp.trace.json[0m
2022.05.01 13:54:16 INFO  logging to file /home/felix/coding/largerIdeas/web-nav/web-nav-server/.metals/metals.log[0m
2022.05.01 14:00:04 INFO  tracing is disabled for protocol LSP, to enable tracing of incoming and outgoing JSON messages create an empty file at /home/felix/coding/largerIdeas/web-nav/.metals/lsp.trace.json or /home/felix/.cache/metals/lsp.trace.json[0m
2022.05.01 14:00:05 INFO  logging to file /home/felix/coding/largerIdeas/web-nav/web-nav-server/.metals/metals.log[0m
2022.05.01 14:03:10 INFO  tracing is disabled for protocol LSP, to enable tracing of incoming and outgoing JSON messages create an empty file at /home/felix/coding/largerIdeas/web-nav/.metals/lsp.trace.json or /home/felix/.cache/metals/lsp.trace.json[0m
2022.05.01 14:03:11 INFO  logging to file /home/felix/coding/largerIdeas/web-nav/web-nav-server/.metals/metals.log[0m
2022.05.01 15:10:36 INFO  tracing is disabled for protocol LSP, to enable tracing of incoming and outgoing JSON messages create an empty file at /home/felix/coding/largerIdeas/web-nav/.metals/lsp.trace.json or /home/felix/.cache/metals/lsp.trace.json[0m
2022.05.01 15:10:37 INFO  logging to file /home/felix/coding/largerIdeas/web-nav/web-nav-server/.metals/metals.log[0m
2022.05.01 15:12:54 INFO  tracing is disabled for protocol LSP, to enable tracing of incoming and outgoing JSON messages create an empty file at /home/felix/coding/largerIdeas/web-nav/.metals/lsp.trace.json or /home/felix/.cache/metals/lsp.trace.json[0m
2022.05.01 15:12:54 INFO  logging to file /home/felix/coding/largerIdeas/web-nav/web-nav-server/.metals/metals.log[0m
2022.05.01 15:14:03 INFO  tracing is disabled for protocol LSP, to enable tracing of incoming and outgoing JSON messages create an empty file at /home/felix/coding/largerIdeas/web-nav/.metals/lsp.trace.json or /home/felix/.cache/metals/lsp.trace.json[0m
2022.05.01 15:14:07 INFO  tracing is disabled for protocol LSP, to enable tracing of incoming and outgoing JSON messages create an empty file at /home/felix/coding/largerIdeas/web-nav/.metals/lsp.trace.json or /home/felix/.cache/metals/lsp.trace.json[0m
2022.05.01 15:14:08 INFO  logging to file /home/felix/coding/largerIdeas/web-nav/web-nav-server/.metals/metals.log[0m
2022.05.01 15:15:36 INFO  tracing is disabled for protocol LSP, to enable tracing of incoming and outgoing JSON messages create an empty file at /home/felix/coding/largerIdeas/web-nav/.metals/lsp.trace.json or /home/felix/.cache/metals/lsp.trace.json[0m
2022.05.01 15:15:36 INFO  logging to file /home/felix/coding/largerIdeas/web-nav/web-nav-server/.metals/metals.log[0m
2022.05.01 15:17:32 INFO  tracing is disabled for protocol LSP, to enable tracing of incoming and outgoing JSON messages create an empty file at /home/felix/coding/largerIdeas/web-nav/.metals/lsp.trace.json or /home/felix/.cache/metals/lsp.trace.json[0m
2022.05.01 15:17:32 INFO  logging to file /home/felix/coding/largerIdeas/web-nav/web-nav-server/.metals/metals.log[0m
2022.05.01 19:03:52 INFO  tracing is disabled for protocol LSP, to enable tracing of incoming and outgoing JSON messages create an empty file at /home/felix/coding/largerIdeas/web-nav/.metals/lsp.trace.json or /home/felix/.cache/metals/lsp.trace.json[0m
2022.05.01 19:03:52 INFO  logging to file /home/felix/coding/largerIdeas/web-nav/web-nav-server/.metals/metals.log[0m
2022.05.01 21:04:20 INFO  tracing is disabled for protocol LSP, to enable tracing of incoming and outgoing JSON messages create an empty file at /home/felix/coding/largerIdeas/web-nav/.metals/lsp.trace.json or /home/felix/.cache/metals/lsp.trace.json[0m
2022.05.01 21:04:21 INFO  logging to file /home/felix/coding/largerIdeas/web-nav/web-nav-server/.metals/metals.log[0m
2022.05.02 18:57:15 INFO  tracing is disabled for protocol LSP, to enable tracing of incoming and outgoing JSON messages create an empty file at /home/felix/coding/largerIdeas/web-nav/.metals/lsp.trace.json or /home/felix/.cache/metals/lsp.trace.json[0m
2022.05.02 18:57:15 INFO  logging to file /home/felix/coding/largerIdeas/web-nav/web-nav-server/.metals/metals.log[0m
